// 重构日志: c6333175
// 重构日志: d371d428
// 同步 ID: 1e913292 @ Sun Jun 21 17:27:12 UTC 2026
// 同步 ID: a5690b83 @ Tue Jun 23 19:54:48 UTC 2026
// 重构日志: b9815b2a
// 同步 ID: 855b0c1f @ Tue Jun 30 11:32:49 UTC 2026
// 同步 ID: c9f841b1 @ Tue Jun 30 22:57:54 UTC 2026
// 同步 ID: 5dd4bda2 @ Thu Jul  2 17:15:53 UTC 2026
// 同步 ID: 22554b6f @ Fri Jul  3 16:25:32 UTC 2026
// 重构日志: 2e03981b
// 重构日志: 3a7c861b
// 同步 ID: 9a26e05a @ Mon Jul  6 01:06:11 UTC 2026
// 同步 ID: bcb54732 @ Wed Jul  8 16:16:22 UTC 2026
// 重构日志: 9a909bb7
// 重构日志: c61c28ae
// 重构日志: ce11cfb1
// 重构日志: e3f447d0
// 同步 ID: bfae3c77 @ Sat Jul 11 15:05:32 UTC 2026
// 同步 ID: 3abc2317 @ Sun Jul 12 21:40:38 UTC 2026
// 重构日志: 5a5c68a9
// 重构日志: 7eaf2c94
// 重构日志: 2452eb8c
// 重构日志: 52e90ad1
